<?xml version="1.0" encoding="UTF-8"?>
<testng-results ignored="0" total="1" passed="1" failed="0" skipped="0">
  <reporter-output>
  </reporter-output>
  <suite started-at="2025-04-09T00:00:55 IST" name="Suite" finished-at="2025-04-09T00:01:16 IST" duration-ms="21109">
    <groups>
      <group name="cucumber">
        <method signature="AbstractTestNGCucumberTests.runScenario(io.cucumber.testng.PickleWrapper,io.cucumber.testng.FeatureWrapper)[pri:0, instance:com.naukari.Runner.TestRunner@1ce24091]" name="runScenario" class="io.cucumber.testng.AbstractTestNGCucumberTests"/>
      </group> <!-- cucumber -->
    </groups>
    <test started-at="2025-04-09T00:00:55 IST" name="Test" finished-at="2025-04-09T00:01:16 IST" duration-ms="21109">
      <class name="Utility_Common.BaseClass">
        <test-method is-config="true" signature="Initialize_browser()[pri:0, instance:Utility_Common.BaseClass@247bddad]" started-at="2025-04-09T00:00:55 IST" name="Initialize_browser" finished-at="2025-04-09T00:01:03 IST" duration-ms="7877" status="PASS">
          <reporter-output>
          </reporter-output>
        </test-method> <!-- Initialize_browser -->
        <test-method is-config="true" signature="Teardown()[pri:0, instance:Utility_Common.BaseClass@247bddad]" started-at="2025-04-09T00:01:15 IST" name="Teardown" finished-at="2025-04-09T00:01:16 IST" duration-ms="1035" status="PASS">
          <reporter-output>
          </reporter-output>
        </test-method> <!-- Teardown -->
      </class> <!-- Utility_Common.BaseClass -->
      <class name="com.naukari.Runner.TestRunner">
        <test-method is-config="true" signature="setUpClass(org.testng.ITestContext)[pri:0, instance:com.naukari.Runner.TestRunner@1ce24091]" started-at="2025-04-09T00:01:03 IST" name="setUpClass" finished-at="2025-04-09T00:01:03 IST" duration-ms="347" status="PASS">
          <params>
            <param index="0">
              <value>
                <![CDATA[org.testng.TestRunner@24e83d19]]>
              </value>
            </param>
          </params>
          <reporter-output>
          </reporter-output>
        </test-method> <!-- setUpClass -->
        <test-method signature="runScenario(io.cucumber.testng.PickleWrapper,io.cucumber.testng.FeatureWrapper)[pri:0, instance:com.naukari.Runner.TestRunner@1ce24091]" started-at="2025-04-09T00:01:03 IST" name="runScenario" description="Runs Cucumber Scenarios" data-provider="scenarios" finished-at="2025-04-09T00:01:15 IST" duration-ms="11786" status="PASS">
          <params>
            <param index="0">
              <value>
                <![CDATA["Login to Naukri app and update resume"]]>
              </value>
            </param>
            <param index="1">
              <value>
                <![CDATA["Login for naukari app and update resume"]]>
              </value>
            </param>
          </params>
          <reporter-output>
          </reporter-output>
        </test-method> <!-- runScenario -->
        <test-method is-config="true" signature="tearDownClass()[pri:0, instance:com.naukari.Runner.TestRunner@1ce24091]" started-at="2025-04-09T00:01:15 IST" name="tearDownClass" finished-at="2025-04-09T00:01:15 IST" duration-ms="32" status="PASS">
          <reporter-output>
          </reporter-output>
        </test-method> <!-- tearDownClass -->
      </class> <!-- com.naukari.Runner.TestRunner -->
    </test> <!-- Test -->
  </suite> <!-- Suite -->
</testng-results>
